app/build/intermediates/manifest_merge_blame_file/debug/processDebugMainManifest/manifest-merger-blame-debug-report.txt
1<?xml version="1.0" encoding="utf-8"?>
2<manifest xmlns:android="http://schemas.android.com/apk/res/android"
3    package="com.iconpack.studio"
4    android:versionCode="2"
5    android:versionName="2.0" >
6
7    <uses-sdk
8        android:minSdkVersion="21"
9        android:targetSdkVersion="34" />
10
11    <permission
11-->[androidx.core:core:1.9.0] AndroidManifest.xml:22:5-24:47
12        android:name="com.iconpack.studio.DYNAMIC_RECEIVER_NOT_EXPORTED_PERMISSION"
12-->[androidx.core:core:1.9.0] AndroidManifest.xml:23:9-81
13        android:protectionLevel="signature" />
13-->[androidx.core:core:1.9.0] AndroidManifest.xml:24:9-44
14
15    <uses-permission android:name="com.iconpack.studio.DYNAMIC_RECEIVER_NOT_EXPORTED_PERMISSION" />
15-->[androidx.core:core:1.9.0] AndroidManifest.xml:26:5-97
15-->[androidx.core:core:1.9.0] AndroidManifest.xml:26:22-94
16
17    <application
17-->src/main/AndroidManifest.xml:5:5-46:19
18        android:allowBackup="true"
18-->src/main/AndroidManifest.xml:6:9-35
19        android:appComponentFactory="androidx.core.app.CoreComponentFactory"
19-->[androidx.core:core:1.9.0] AndroidManifest.xml:28:18-86
20        android:debuggable="true"
21        android:extractNativeLibs="true"
22        android:icon="@drawable/ic_launcher"
22-->src/main/AndroidManifest.xml:7:9-45
23        android:label="@string/app_name"
23-->src/main/AndroidManifest.xml:8:9-41
24        android:supportsRtl="true"
24-->src/main/AndroidManifest.xml:10:9-35
25        android:testOnly="true"
26        android:theme="@style/AppTheme.NoActionBar" >
26-->src/main/AndroidManifest.xml:9:9-52
27        <activity
27-->src/main/AndroidManifest.xml:12:9-20:20
28            android:name="com.iconpack.studio.MainActivity"
28-->src/main/AndroidManifest.xml:12:19-47
29            android:exported="true"
29-->src/main/AndroidManifest.xml:13:13-36
30            android:screenOrientation="portrait"
30-->src/main/AndroidManifest.xml:14:13-49
31            android:windowSoftInputMode="adjustResize" >
31-->src/main/AndroidManifest.xml:15:13-55
32            <intent-filter>
32-->src/main/AndroidManifest.xml:16:13-19:29
33                <action android:name="android.intent.action.MAIN" />
33-->src/main/AndroidManifest.xml:17:17-69
33-->src/main/AndroidManifest.xml:17:25-66
34
35                <category android:name="android.intent.category.LAUNCHER" />
35-->src/main/AndroidManifest.xml:18:17-77
35-->src/main/AndroidManifest.xml:18:27-74
36            </intent-filter>
37        </activity> <!-- ADW Launcher Support -->
38        <activity-alias
38-->src/main/AndroidManifest.xml:35:9-44:26
39            android:name="org.adw.launcher.THEMES"
39-->src/main/AndroidManifest.xml:36:13-51
40            android:enabled="true"
40-->src/main/AndroidManifest.xml:38:13-35
41            android:exported="true"
41-->src/main/AndroidManifest.xml:39:13-36
42            android:targetActivity="com.iconpack.studio.MainActivity" >
42-->src/main/AndroidManifest.xml:37:13-51
43            <intent-filter>
43-->src/main/AndroidManifest.xml:40:13-43:29
44                <action android:name="org.adw.launcher.THEMES" />
44-->src/main/AndroidManifest.xml:41:17-66
44-->src/main/AndroidManifest.xml:41:25-63
45
46                <category android:name="android.intent.category.DEFAULT" />
46-->src/main/AndroidManifest.xml:30:17-76
46-->src/main/AndroidManifest.xml:30:27-73
47            </intent-filter>
48        </activity-alias> <!-- Icon Pack Intent Filters -->
49        <activity-alias
49-->src/main/AndroidManifest.xml:23:9-32:26
50            android:name="com.iconpack.studio.ApplyTheme"
50-->src/main/AndroidManifest.xml:24:13-39
51            android:enabled="true"
51-->src/main/AndroidManifest.xml:26:13-35
52            android:exported="true"
52-->src/main/AndroidManifest.xml:27:13-36
53            android:targetActivity="com.iconpack.studio.MainActivity" >
53-->src/main/AndroidManifest.xml:25:13-51
54            <intent-filter>
54-->src/main/AndroidManifest.xml:28:13-31:29
55                <action android:name="android.intent.action.MAIN" />
55-->src/main/AndroidManifest.xml:17:17-69
55-->src/main/AndroidManifest.xml:17:25-66
56
57                <category android:name="android.intent.category.DEFAULT" />
57-->src/main/AndroidManifest.xml:30:17-76
57-->src/main/AndroidManifest.xml:30:27-73
58            </intent-filter>
59        </activity-alias>
60
61        <provider
61-->[androidx.emoji2:emoji2:1.2.0] AndroidManifest.xml:24:9-32:20
62            android:name="androidx.startup.InitializationProvider"
62-->[androidx.emoji2:emoji2:1.2.0] AndroidManifest.xml:25:13-67
63            android:authorities="com.iconpack.studio.androidx-startup"
63-->[androidx.emoji2:emoji2:1.2.0] AndroidManifest.xml:26:13-68
64            android:exported="false" >
64-->[androidx.emoji2:emoji2:1.2.0] AndroidManifest.xml:27:13-37
65            <meta-data
65-->[androidx.emoji2:emoji2:1.2.0] AndroidManifest.xml:29:13-31:52
66                android:name="androidx.emoji2.text.EmojiCompatInitializer"
66-->[androidx.emoji2:emoji2:1.2.0] AndroidManifest.xml:30:17-75
67                android:value="androidx.startup" />
67-->[androidx.emoji2:emoji2:1.2.0] AndroidManifest.xml:31:17-49
68            <meta-data
68-->[androidx.lifecycle:lifecycle-process:2.6.1] AndroidManifest.xml:29:13-31:52
69                android:name="androidx.lifecycle.ProcessLifecycleInitializer"
69-->[androidx.lifecycle:lifecycle-process:2.6.1] AndroidManifest.xml:30:17-78
70                android:value="androidx.startup" />
70-->[androidx.lifecycle:lifecycle-process:2.6.1] AndroidManifest.xml:31:17-49
71            <meta-data
71-->[androidx.profileinstaller:profileinstaller:1.3.0] AndroidManifest.xml:29:13-31:52
72                android:name="androidx.profileinstaller.ProfileInstallerInitializer"
72-->[androidx.profileinstaller:profileinstaller:1.3.0] AndroidManifest.xml:30:17-85
73                android:value="androidx.startup" />
73-->[androidx.profileinstaller:profileinstaller:1.3.0] AndroidManifest.xml:31:17-49
74        </provider>
75
76        <receiver
76-->[androidx.profileinstaller:profileinstaller:1.3.0] AndroidManifest.xml:34:9-52:20
77            android:name="androidx.profileinstaller.ProfileInstallReceiver"
77-->[androidx.profileinstaller:profileinstaller:1.3.0] AndroidManifest.xml:35:13-76
78            android:directBootAware="false"
78-->[androidx.profileinstaller:profileinstaller:1.3.0] AndroidManifest.xml:36:13-44
79            android:enabled="true"
79-->[androidx.profileinstaller:profileinstaller:1.3.0] AndroidManifest.xml:37:13-35
80            android:exported="true"
80-->[androidx.profileinstaller:profileinstaller:1.3.0] AndroidManifest.xml:38:13-36
81            android:permission="android.permission.DUMP" >
81-->[androidx.profileinstaller:profileinstaller:1.3.0] AndroidManifest.xml:39:13-57
82            <intent-filter>
82-->[androidx.profileinstaller:profileinstaller:1.3.0] AndroidManifest.xml:40:13-42:29
83                <action android:name="androidx.profileinstaller.action.INSTALL_PROFILE" />
83-->[androidx.profileinstaller:profileinstaller:1.3.0] AndroidManifest.xml:41:17-91
83-->[androidx.profileinstaller:profileinstaller:1.3.0] AndroidManifest.xml:41:25-88
84            </intent-filter>
85            <intent-filter>
85-->[androidx.profileinstaller:profileinstaller:1.3.0] AndroidManifest.xml:43:13-45:29
86                <action android:name="androidx.profileinstaller.action.SKIP_FILE" />
86-->[androidx.profileinstaller:profileinstaller:1.3.0] AndroidManifest.xml:44:17-85
86-->[androidx.profileinstaller:profileinstaller:1.3.0] AndroidManifest.xml:44:25-82
87            </intent-filter>
88            <intent-filter>
88-->[androidx.profileinstaller:profileinstaller:1.3.0] AndroidManifest.xml:46:13-48:29
89                <action android:name="androidx.profileinstaller.action.SAVE_PROFILE" />
89-->[androidx.profileinstaller:profileinstaller:1.3.0] AndroidManifest.xml:47:17-88
89-->[androidx.profileinstaller:profileinstaller:1.3.0] AndroidManifest.xml:47:25-85
90            </intent-filter>
91            <intent-filter>
91-->[androidx.profileinstaller:profileinstaller:1.3.0] AndroidManifest.xml:49:13-51:29
92                <action android:name="androidx.profileinstaller.action.BENCHMARK_OPERATION" />
92-->[androidx.profileinstaller:profileinstaller:1.3.0] AndroidManifest.xml:50:17-95
92-->[androidx.profileinstaller:profileinstaller:1.3.0] AndroidManifest.xml:50:25-92
93            </intent-filter>
94        </receiver>
95    </application>
96
97</manifest>